<?xml version="1.0" encoding="UTF-8"?>
<!-- Generated by org.testng.reporters.JUnitXMLReporter -->
<testsuite ignored="5" hostname="DESKTOP-MHPIMKC" failures="2" tests="3" name="Test(failed)" time="3.161" errors="0" timestamp="2021-07-03T17:56:02 IST">
  <testcase classname="KeywordsDemo.DependsOnMethodDemo" name="loginTest" time="0.019">
    <failure type="java.lang.AssertionError" message="null">
      <![CDATA[java.lang.AssertionError: null
at KeywordsDemo.DependsOnMethodDemo.loginTest(DependsOnMethodDemo.java:10)
at java.base/java.util.ArrayList.forEach(ArrayList.java:1511)
... Removed 29 stack frames]]>
    </failure>
  </testcase> <!-- loginTest -->
  <testcase classname="KeywordsDemo.DependsOnMethodDemo" name="homePageTest" time="0.0">
    <skipped/>
  </testcase> <!-- homePageTest -->
  <testcase classname="KeywordsDemo.TimOutDemo" name="homePageTest" time="3.026">
    <failure type="org.testng.internal.thread.ThreadTimeoutException" message="Method KeywordsDemo.TimOutDemo.homePageTest() didn&amp;apos;t finish within the time-out 3000">
      <![CDATA[org.testng.internal.thread.ThreadTimeoutException: Method KeywordsDemo.TimOutDemo.homePageTest() didn't finish within the time-out 3000
at java.base/java.util.ArrayList.forEach(ArrayList.java:1511)
... Removed 24 stack frames]]>
    </failure>
  </testcase> <!-- homePageTest -->
  <testcase classname="KeywordsDemo.DependsOnMethodDemo" name="closeAll" time="0.0">
    <ignored/>
  </testcase> <!-- closeAll -->
  <testcase classname="KeywordsDemo.TimOutDemo" name="loginTest" time="0.0">
    <ignored/>
  </testcase> <!-- loginTest -->
  <testcase classname="KeywordsDemo.TimOutDemo" name="closeAll" time="0.0">
    <ignored/>
  </testcase> <!-- closeAll -->
  <testcase classname="KeywordsDemo.DependsOnMethodDemo" name="productPageTest" time="0.0">
    <ignored/>
  </testcase> <!-- productPageTest -->
  <testcase classname="KeywordsDemo.TimOutDemo" name="productPageTest" time="0.0">
    <ignored/>
  </testcase> <!-- productPageTest -->
</testsuite> <!-- Test(failed) -->
