<?xml version="1.0" encoding="UTF-8"?>
<!-- Generated by org.testng.reporters.JUnitXMLReporter -->
<testsuite ignored="0" hostname="DESKTOP-MHPIMKC" failures="0" tests="5" name="Default test" time="1.48" errors="0" timestamp="2021-07-08T10:18:07 IST">
  <testcase classname="parametrization.DataFromExcelDemo" name="validateDataFromExcel" time="0.012"/>
  <testcase classname="parametrization.DataFromExcelDemo" name="validateDataFromExcel" time="0.004"/>
  <testcase classname="parametrization.DataFromExcelDemo" name="validateDataFromExcel" time="0.003"/>
  <testcase classname="parametrization.DataFromExcelDemo" name="validateDataFromExcel" time="0.002"/>
  <testcase classname="parametrization.DataFromExcelDemo" name="validateDataFromExcel" time="0.002"/>
</testsuite> <!-- Default test -->
