<?xml version="1.0" encoding="UTF-8"?>
<!-- Generated by org.testng.reporters.JUnitReportReporter -->
<testsuite hostname="DESKTOP-MHPIMKC" failures="0" tests="4" name="KeywordsDemo.ExpectedExceptionDemo" time="0.019" errors="0" timestamp="2021-07-03T17:45:46 IST" skipped="0">
  <testcase classname="KeywordsDemo.ExpectedExceptionDemo" name="loginTest" time="0.002"/>
  <system-out/>
  <testcase classname="KeywordsDemo.ExpectedExceptionDemo" name="homePageTest" time="0.003"/>
  <system-out/>
  <testcase classname="KeywordsDemo.ExpectedExceptionDemo" name="productPageTest" time="0.007"/>
  <system-out/>
  <testcase classname="KeywordsDemo.ExpectedExceptionDemo" name="closeAll" time="0.007"/>
  <system-out/>
</testsuite> <!-- KeywordsDemo.ExpectedExceptionDemo -->
