<?xml version="1.0" encoding="UTF-8"?>
<testng-results ignored="0" total="5" passed="5" failed="0" skipped="0">
  <reporter-output>
  </reporter-output>
  <suite started-at="2021-07-08T10:18:06 IST" name="Default suite" finished-at="2021-07-08T10:18:07 IST" duration-ms="1480">
    <groups>
    </groups>
    <test started-at="2021-07-08T10:18:06 IST" name="Default test" finished-at="2021-07-08T10:18:07 IST" duration-ms="1480">
      <class name="parametrization.DataFromExcelDemo">
        <test-method signature="validateDataFromExcel(java.lang.String,java.lang.String)[pri:0, instance:parametrization.DataFromExcelDemo@72cde7cc]" started-at="2021-07-08T10:18:07 IST" name="validateDataFromExcel" data-provider="getDataFromExel" finished-at="2021-07-08T10:18:07 IST" duration-ms="12" status="PASS">
          <params>
            <param index="0">
              <value>
                <![CDATA[USER101]]>
              </value>
            </param>
            <param index="1">
              <value>
                <![CDATA[Pass@101]]>
              </value>
            </param>
          </params>
          <reporter-output>
          </reporter-output>
        </test-method> <!-- validateDataFromExcel -->
        <test-method signature="validateDataFromExcel(java.lang.String,java.lang.String)[pri:0, instance:parametrization.DataFromExcelDemo@72cde7cc]" started-at="2021-07-08T10:18:07 IST" name="validateDataFromExcel" data-provider="getDataFromExel" finished-at="2021-07-08T10:18:07 IST" duration-ms="4" status="PASS">
          <params>
            <param index="0">
              <value>
                <![CDATA[USER102]]>
              </value>
            </param>
            <param index="1">
              <value>
                <![CDATA[Pass@202]]>
              </value>
            </param>
          </params>
          <reporter-output>
          </reporter-output>
        </test-method> <!-- validateDataFromExcel -->
        <test-method signature="validateDataFromExcel(java.lang.String,java.lang.String)[pri:0, instance:parametrization.DataFromExcelDemo@72cde7cc]" started-at="2021-07-08T10:18:07 IST" name="validateDataFromExcel" data-provider="getDataFromExel" finished-at="2021-07-08T10:18:07 IST" duration-ms="3" status="PASS">
          <params>
            <param index="0">
              <value>
                <![CDATA[USER303]]>
              </value>
            </param>
            <param index="1">
              <value>
                <![CDATA[Pass@303]]>
              </value>
            </param>
          </params>
          <reporter-output>
          </reporter-output>
        </test-method> <!-- validateDataFromExcel -->
        <test-method signature="validateDataFromExcel(java.lang.String,java.lang.String)[pri:0, instance:parametrization.DataFromExcelDemo@72cde7cc]" started-at="2021-07-08T10:18:07 IST" name="validateDataFromExcel" data-provider="getDataFromExel" finished-at="2021-07-08T10:18:07 IST" duration-ms="2" status="PASS">
          <params>
            <param index="0">
              <value>
                <![CDATA[USER404]]>
              </value>
            </param>
            <param index="1">
              <value>
                <![CDATA[Pass@404]]>
              </value>
            </param>
          </params>
          <reporter-output>
          </reporter-output>
        </test-method> <!-- validateDataFromExcel -->
        <test-method signature="validateDataFromExcel(java.lang.String,java.lang.String)[pri:0, instance:parametrization.DataFromExcelDemo@72cde7cc]" started-at="2021-07-08T10:18:07 IST" name="validateDataFromExcel" data-provider="getDataFromExel" finished-at="2021-07-08T10:18:07 IST" duration-ms="2" status="PASS">
          <params>
            <param index="0">
              <value>
                <![CDATA[USER505]]>
              </value>
            </param>
            <param index="1">
              <value>
                <![CDATA[12345.0]]>
              </value>
            </param>
          </params>
          <reporter-output>
          </reporter-output>
        </test-method> <!-- validateDataFromExcel -->
      </class> <!-- parametrization.DataFromExcelDemo -->
    </test> <!-- Default test -->
  </suite> <!-- Default suite -->
</testng-results>
