<?xml version="1.0" encoding="UTF-8"?>
<!-- Generated by org.testng.reporters.JUnitXMLReporter -->
<testsuite ignored="0" hostname="DESKTOP-MHPIMKC" failures="0" tests="9" name="Test" time="0.262" errors="0" timestamp="2021-07-02T19:06:11 IST">
  <testcase classname="Basics.SampleTest" name="test1" time="0.017"/>
  <testcase classname="Basics.SampleTest" name="test2" time="0.007"/>
  <testcase classname="Basics.SampleTest" name="test3" time="0.009"/>
  <testcase classname="Basics.Sample2Test" name="closeAll" time="0.005"/>
  <testcase classname="Basics.Sample2Test" name="homePageTest" time="0.006"/>
  <testcase classname="Basics.Sample2Test" name="loginTest" time="0.004"/>
  <testcase classname="Basics.Sample2Test" name="productPageTest" time="0.005"/>
  <testcase classname="TestNGAnnotationsDemo.AnnotationsDemo" name="test1" time="0.008"/>
  <testcase classname="TestNGAnnotationsDemo.AnnotationsDemo" name="test2" time="0.004"/>
</testsuite> <!-- Test -->
